2026-03-04 10:34:54.069 [main] INFO  tests.BaseTest - === Test Setup Started ===
2026-03-04 10:34:54.077 [main] INFO  config.ConfigReader - Configuration file loaded successfully
2026-03-04 10:34:54.077 [main] INFO  base.DriverFactory - Initializing driver for browser: chrome
2026-03-04 10:34:57.082 [main] INFO  base.DriverFactory - Driver initialized successfully
2026-03-04 10:35:02.154 [main] INFO  tests.BaseTest - Navigated to: https://www.saucedemo.com
2026-03-04 10:35:02.156 [main] INFO  tests.BaseTest - === Test Setup Completed ===
2026-03-04 10:35:02.171 [main] INFO  tests.BaseTest - Test: Valid Login Started
2026-03-04 10:35:02.173 [main] INFO  base.BasePage - Performing login with username: standard_user
2026-03-04 10:35:02.174 [main] INFO  base.BasePage - Entering username: standard_user
2026-03-04 10:35:02.396 [main] INFO  base.BasePage - Typed text: standard_user
2026-03-04 10:35:02.397 [main] INFO  base.BasePage - Entering password
2026-03-04 10:35:02.540 [main] INFO  base.BasePage - Typed text: secret_sauce
2026-03-04 10:35:02.540 [main] INFO  base.BasePage - Clicking login button
2026-03-04 10:35:12.815 [main] INFO  base.BasePage - Clicked on element: Proxy element for: DefaultElementLocator 'By.id: login-button'
2026-03-04 10:35:13.016 [main] INFO  base.BasePage - Retrieved text: Products
2026-03-04 10:35:13.018 [main] INFO  tests.BaseTest - Test: Valid Login Completed Successfully
2026-03-04 10:35:13.024 [main] INFO  tests.BaseTest - === Test Teardown Started ===
2026-03-04 10:35:13.025 [main] INFO  base.DriverFactory - Quitting driver
2026-03-04 10:35:13.252 [main] INFO  tests.BaseTest - === Test Teardown Completed ===
2026-03-04 10:35:13.254 [main] INFO  tests.BaseTest - === Test Setup Started ===
2026-03-04 10:35:13.254 [main] INFO  base.DriverFactory - Initializing driver for browser: chrome
2026-03-04 10:35:13.920 [main] INFO  base.DriverFactory - Driver initialized successfully
2026-03-04 10:35:36.667 [main] INFO  tests.BaseTest - Navigated to: https://www.saucedemo.com
2026-03-04 10:35:36.669 [main] INFO  tests.BaseTest - === Test Setup Completed ===
2026-03-04 10:35:36.672 [main] INFO  tests.BaseTest - Test: Invalid Login Started
2026-03-04 10:35:36.672 [main] INFO  base.BasePage - Performing login with username: invalid_user
2026-03-04 10:35:36.672 [main] INFO  base.BasePage - Entering username: invalid_user
2026-03-04 10:35:36.868 [main] INFO  base.BasePage - Typed text: invalid_user
2026-03-04 10:35:36.868 [main] INFO  base.BasePage - Entering password
2026-03-04 10:35:37.048 [main] INFO  base.BasePage - Typed text: wrong_password
2026-03-04 10:35:37.048 [main] INFO  base.BasePage - Clicking login button
2026-03-04 10:35:37.198 [main] INFO  base.BasePage - Clicked on element: [[ChromeDriver: chrome on windows (a2e9954d79eaea19c96432df3c974132)] -> id: login-button]
2026-03-04 10:35:37.254 [main] INFO  tests.BaseTest - Test: Invalid Login Completed Successfully
2026-03-04 10:35:37.256 [main] INFO  tests.BaseTest - === Test Teardown Started ===
2026-03-04 10:35:37.256 [main] INFO  base.DriverFactory - Quitting driver
2026-03-04 10:35:37.437 [main] INFO  tests.BaseTest - === Test Teardown Completed ===
